Sim: 0 [EventEngine.EventDriver]  
	Simulation Start Time: Sat Feb 29 23:34:34 EST 2020
	Parameter file: Misc/params.osp

	Legend:
	  Thread(X:Y/S) means: thread X of task Y, status=S
	  Task(X/S) means: task X, status=S
	  Page(X:Y/Z) means: page X of task Y in frame Z
	  Openfile(X:Y/Z) means: open file X of task Y on device Z
	  Port(X:Y/S) means: port X of task Y has status S
	Status code abbreviations:
	  RD(ThreadReady), RU(ThreadRunning),
	  Wn(ThreadWaiting, n=waitlevel), KL(ThreadKill)
	  L(TaskLive), T(TaskTerm), NN(NONE)
	  L(PortLive), D(PortDestroyed), NN(NONE)


My:  0 [Threads.ThreadCB]  
	Entering Student Method...init
Sim: 0 [IFLModules.ResourceCB]  
	Deadlock handling mode: Detection
Sim: 0 [IFLModules.TaskCB]  
	Entering create()
Mod: 0 [Tasks.TaskCB]  
	Task(1/NN) created
Sim: 0 [IFLModules.FileSys]  
	Creating file: create(/vm/1,65536)
Mod: 0 [FileSys.FileSys]  
	Creating file: create(/vm/1,65536)
Mod: 0 [FileSys.FileSys]  
	New file size 64 blocks
Mod: 0 [FileSys.FileSys]  
	Inode(Id(0),Device(0),BlockCount(64),OpenCount(0),LinkCount(1))
	  File `/vm/1', blocksize=64 created on device 0
Sim: 0 [IFLModules.FileSys]  
	System call create(`/vm/1')  succeeded, as expected
Sim: 0 [IFLModules.OpenFile]  
	System call open(`/vm/1')
Sim: 0 [Tasks.TaskCB]  
	Adding Openfile(0:1/0) to the open files table of Task(1/L)
Mod: 0 [FileSys.OpenFile]  
	File `/vm/1' opened 1 times
Sim: 0 [IFLModules.OpenFile]  
	File `/vm/1' opened as Openfile(0:1/0)
Sim: 0 [IFLModules.FileSys]  
	System call open(`/vm/1')  succeeded, as expected
Sim: 0 [IFLModules.ThreadCB]  
	Trying to create new thread for Task(1/L)
My:  0 [Threads.ThreadCB]  
	Entering Student Method...do_create
Sim: 0 [IFLModules.ThreadCB]  
	Created new thread Thread(0:1/RD)
Sim: 0 [IFLModules.ThreadCB]  
	Entering dispatch(); current running thread is null
My:  0 [Threads.ThreadCB]  
	Entering Student Method...do_dispatch
Sim: 0 [IFLModules.ThreadCB]  
	Dispatching Thread(0:1/RU)
Sim: 0 [IFLModules.ThreadCB]  
	Leaving dispatch()
Sim: 11 [IFLModules.FileSys]  
	System call delete(`/etc/go/Oh,my/go')
Mod: 11 [FileSys.FileSys]  
	File `/etc/go/Oh,my/go' doesn't exist -- cannot delete
Sim: 11 [IFLModules.FileSys]  
	System call delete(`/etc/go/Oh,my/go')  failed, as expected
Sim: 18 [IFLModules.MMU]  
	Call: MMU.refer(Address(12617),MemoryWrite,Thread(0:1/RU))
	  [Page(12:1/null),null,ValidFlag(OSP)=false,ValidFlag(Student)=false,ValidatingThread=null]
Mod: 18 [Memory.MMU]  
	Referencing main memory address 12617, Page(12:1/null), MemoryWrite
Mod: 18 [Memory.MMU]  
	Page(12:1/null) is invalid
Sim: 18 [IFLModules.PageFaultHandler]  
	Pagefault handler entered for: Page(12:1/null),MemoryWrite,Thread(0:1/RU)
Mod: 18 [Memory.PageFaultHandler]  
	Entering do_handlePageFault(): Thread(0:1/RU),MemoryWrite,Page(12:1/null); validating thread=Thread(0:1/RU)
Sim: 18 [Threads.ThreadCB]  
	Entering suspend(Thread(0:1/RU),SystemEvent(PageFault))
My:  18 [Threads.ThreadCB]  
	Entering Student Method...do_suspend
Sim: 18 <<Warning!>> [IFLModules.ThreadCB]  
	After do_suspend(Thread(0:1/RU),SystemEvent(PageFault)): dispatch() should have been called

	at osp.IFLModules.IflThreadCB.N(IflThreadCB.java:577)
	at osp.IFLModules.IflThreadCB.a(IflThreadCB.java:1284)
	at osp.Memory.PageFaultHandler.if(PageFaultHandler.java:114)
	at osp.IFLModules.IflPageFaultHandler.a(IflPageFaultHandler.java:139)
	at osp.IFLModules.IflPageFaultHandler.handleInterrupt(IflPageFaultHandler.java:44)
	at osp.Interrupts.Interrupts.interrupt(Interrupts.java:48)
	at osp.Hardware.CPU.interrupt(CPU.java:54)
	at osp.Memory.MMU.if(MMU.java:159)
	at osp.IFLModules.IflMMU.a(IflMMU.java:220)
	at osp.IFLModules.ReferThread.run(ReferThread.java:61)
Sim: 18 <<Error!>> [Threads.ThreadCB]  
	After do_suspend(Thread(0:1/RU),SystemEvent(PageFault)): Invalid status change:
	  Thread status is ThreadRunning; should be ThreadWaiting0

	at osp.IFLModules.IflThreadCB.a(IflThreadCB.java:1287)
	at osp.Memory.PageFaultHandler.if(PageFaultHandler.java:114)
	at osp.IFLModules.IflPageFaultHandler.a(IflPageFaultHandler.java:139)
	at osp.IFLModules.IflPageFaultHandler.handleInterrupt(IflPageFaultHandler.java:44)
	at osp.Interrupts.Interrupts.interrupt(Interrupts.java:48)
	at osp.Hardware.CPU.interrupt(CPU.java:54)
	at osp.Memory.MMU.if(MMU.java:159)
	at osp.IFLModules.IflMMU.a(IflMMU.java:220)
	at osp.IFLModules.ReferThread.run(ReferThread.java:61)

Sim:18 [Utilities.SnapshotTaker]  
	

[Snapshot at 18]

MEMORY:
  Free frames: 30(100%) out of 30
  Locked frames: 0 out of 30
  Reserved frames: 0 out of 30
  Referenced frames: 0 out of 30

Memory map:
|----------|------------------------------|
|Frame     |000000000011111111112222222222|
|number    |012345678901234567890123456789|
|----------|------------------------------|
|free      |FFFFFFFFFFFFFFFFFFFFFFFFFFFFFF|
|lock      |000000000000000000000000000000|
|reserved  |                              |
|dirty     |                              |
|referenced|                              |
|----------|------------------------------|
|          |                              |
|page      |                              |
|number    |                              |
|----------|------------------------------|
|          |                              |
|owner     |                              |
|task      |                              |
|----------|------------------------------|


Page table for Task 1:
  Valid pages: 0 out of 64
|------|----------------------------------------------------------------|
|Page  |0000000000111111111122222222223333333333444444444455555555556666|
|number|0123456789012345678901234567890123456789012345678901234567890123|
|------|----------------------------------------------------------------|
|valid |                                                                |
|------|----------------------------------------------------------------|
|      |                                                                |
|frame |                                                                |
|number|                                                                |
|------|----------------------------------------------------------------|


DEVICES:
  Device 0: Swap Device   (mount point: /vm/)
	    Number of pages read = 0
	    Number of pages written = 0
	    Average number of cylinders swept per disk access = 0
	      Total number of cylinders swept = 0
	    Service time per I/O request: 0
	    Device queue:  Empty
  Device 1: Disk   (mount point: /etc/go/)
	    Number of pages read = 0
	    Number of pages written = 0
	    Average number of cylinders swept per disk access = 0
	      Total number of cylinders swept = 0
	    Service time per I/O request: 0
	    Device queue:  Empty
  Device 2: Disk   (mount point: /etc/)
	    Number of pages read = 0
	    Number of pages written = 0
	    Average number of cylinders swept per disk access = 0
	      Total number of cylinders swept = 0
	    Service time per I/O request: 0
	    Device queue:  Empty

TASKS and THREADS:
  CPU Utilization: 100.0%
  Average service time per thread: 18.0
  Average normalized service time per thread: 0.94736844
  Total number of tasks: 1
  Running thread(s): Thread(0:1/RU), CPU usage 18 ticks
  Current task: Task(1/L), CPU usage 18 ticks
  Threads summary: 1 alive
  Among live threads: 1 running
                      0 suspended
                      0 ready
  ready queue = ()
  running thread(s) = (0:1)
  waiting thread(s) = ()
  thread(s) in pagefault = (0:1)
  killed thread(s) = ()

FILES:
  Total number of files: 0
  Total number of directories: 3
  Total number of open files: 0
  Device 0: 1472 out of 1536 blocks are free, 4.166669% used
  Device 1: 40 out of 40 blocks are free, 0.0% used
  Device 2: 16 out of 16 blocks are free, 0.0% used


PORTS:
  Number of Live Ports: 	0
  Number of Ports Created: 	0
  Number of Ports Destroyed: 	0
  Number of Messages Sent: 	0
  Number of Messages Received: 	0



RESOURCES:
  Total number of acquire() calls: 0
  Total number of release() calls: 0

    Resource Availability Table
|---------------|-------------------------|
|Resource Type  |0    1    2    3    4    |
|---------------|-------------------------|
|  Total        |8    8    8    6    9    |
|---------------|-------------------------|
|  Available    |8    8    8    6    9    |
|---------------|-------------------------|



    Resource Allocation Table
|------------------|-----------------------------------|
|Resource Type     |0      1      2      3      4      |
|------------------|-----------------------------------|
|------------------|-----------------------------------|




The suspended  RRBs: 


-----------------------------------------------

Sim: 18 [Utilities.Simulation]  
	Elapsed time: 0 seconds

